-- Using CATKIN_DEVEL_PREFIX: /home/laboratorio/ros_workspace/devel/.private/ur_kinematics
-- Using CMAKE_PREFIX_PATH: /home/laboratorio/ros_workspace/devel;/opt/ros/noetic
-- This workspace overlays: /home/laboratorio/ros_workspace/devel;/opt/ros/noetic
-- Found PythonInterp: /usr/bin/python3 (found suitable version "3.8.10", minimum required is "3") 
-- Using PYTHON_EXECUTABLE: /usr/bin/python3
-- Using Debian Python package layout
-- Using empy: /usr/lib/python3/dist-packages/em.py
-- Using CATKIN_ENABLE_TESTING: ON
-- Call enable_testing()
-- Using CATKIN_TEST_RESULTS_DIR: /home/laboratorio/ros_workspace/build/ur_kinematics/test_results
-- Forcing gtest/gmock from source, though one was otherwise available.
-- Found gtest sources under '/usr/src/googletest': gtests will be built
-- Found gmock sources under '/usr/src/googletest': gmock will be built
-- Found PythonInterp: /usr/bin/python3 (found version "3.8.10") 
-- Using Python nosetests: /usr/bin/nosetests3
-- catkin 0.8.12
-- BUILD_SHARED_LIBS is on
-- Using these message generators: gencpp;geneus;genlisp;gennodejs;genpy
-- Configuring done
-- Generating done
-- Build files have been written to: /home/laboratorio/ros_workspace/build/ur_kinematics
[35m[1mScanning dependencies of target ur16e_kin[0m
make[2]: Warning: File '/home/laboratorio/ros_workspace/src/universal_robot/ur_kinematics/src/ur_kin.cpp' has modification time 2033 s in the future
[  3%] [32mBuilding CXX object CMakeFiles/ur16e_kin.dir/src/ur_kin.cpp.o[0m
[35m[1mScanning dependencies of target ur10e_kin[0m
make[2]: Warning: File '/home/laboratorio/ros_workspace/src/universal_robot/ur_kinematics/src/ur_kin.cpp' has modification time 2033 s in the future
[  7%] [32mBuilding CXX object CMakeFiles/ur10e_kin.dir/src/ur_kin.cpp.o[0m
[35m[1mScanning dependencies of target ur10_kin[0m
make[2]: Warning: File '/home/laboratorio/ros_workspace/src/universal_robot/ur_kinematics/src/ur_kin.cpp' has modification time 2033 s in the future
[ 10%] [32mBuilding CXX object CMakeFiles/ur10_kin.dir/src/ur_kin.cpp.o[0m
[35m[1mScanning dependencies of target ur3e_kin[0m
make[2]: Warning: File '/home/laboratorio/ros_workspace/src/universal_robot/ur_kinematics/src/ur_kin.cpp' has modification time 2033 s in the future
[ 14%] [32mBuilding CXX object CMakeFiles/ur3e_kin.dir/src/ur_kin.cpp.o[0m
[ 17%] [32m[1mLinking CXX shared library /home/laboratorio/ros_workspace/devel/.private/ur_kinematics/lib/libur16e_kin.so[0m
[35m[1mScanning dependencies of target ur3_kin[0m
make[2]: Warning: File '/home/laboratorio/ros_workspace/src/universal_robot/ur_kinematics/src/ur_kin.cpp' has modification time 2033 s in the future
[ 21%] [32mBuilding CXX object CMakeFiles/ur3_kin.dir/src/ur_kin.cpp.o[0m
[ 25%] [32m[1mLinking CXX shared library /home/laboratorio/ros_workspace/devel/.private/ur_kinematics/lib/libur10e_kin.so[0m
[ 28%] [32m[1mLinking CXX shared library /home/laboratorio/ros_workspace/devel/.private/ur_kinematics/lib/libur10_kin.so[0m
make[2]: warning:  Clock skew detected.  Your build may be incomplete.
[ 28%] Built target ur16e_kin
make[2]: warning:  Clock skew detected.  Your build may be incomplete.
make[2]: warning:  Clock skew detected.  Your build may be incomplete.
[ 28%] Built target ur10e_kin
[ 28%] Built target ur10_kin
[35m[1mScanning dependencies of target ur5_kin[0m
make[2]: Warning: File '/home/laboratorio/ros_workspace/src/universal_robot/ur_kinematics/src/ur_kin.cpp' has modification time 2032 s in the future
[ 32%] [32mBuilding CXX object CMakeFiles/ur5_kin.dir/src/ur_kin.cpp.o[0m
[ 35%] [32m[1mLinking CXX shared library /home/laboratorio/ros_workspace/devel/.private/ur_kinematics/lib/libur3e_kin.so[0m
[35m[1mScanning dependencies of target ur5e_kin[0m
make[2]: Warning: File '/home/laboratorio/ros_workspace/src/universal_robot/ur_kinematics/src/ur_kin.cpp' has modification time 2032 s in the future
[ 39%] [32mBuilding CXX object CMakeFiles/ur5e_kin.dir/src/ur_kin.cpp.o[0m
make[2]: warning:  Clock skew detected.  Your build may be incomplete.
[ 39%] Built target ur3e_kin
[ 42%] [32m[1mLinking CXX shared library /home/laboratorio/ros_workspace/devel/.private/ur_kinematics/lib/libur3_kin.so[0m
make[2]: warning:  Clock skew detected.  Your build may be incomplete.
[ 42%] Built target ur3_kin
[ 46%] [32m[1mLinking CXX shared library /home/laboratorio/ros_workspace/devel/.private/ur_kinematics/lib/libur5_kin.so[0m
[ 50%] [32m[1mLinking CXX shared library /home/laboratorio/ros_workspace/devel/.private/ur_kinematics/lib/libur5e_kin.so[0m
make[2]: warning:  Clock skew detected.  Your build may be incomplete.
[ 50%] Built target ur5_kin
[35m[1mScanning dependencies of target ur16e_moveit_plugin[0m
[35m[1mScanning dependencies of target ur10e_moveit_plugin[0m
[35m[1mScanning dependencies of target ur10_moveit_plugin[0m
[35m[1mScanning dependencies of target ur3e_moveit_plugin[0m
[35m[1mScanning dependencies of target ur3_moveit_plugin[0m
make[2]: Warning: File '/home/laboratorio/ros_workspace/src/universal_robot/ur_kinematics/src/ur_moveit_plugin.cpp' has modification time 2032 s in the future
make[2]: warning:  Clock skew detected.  Your build may be incomplete.
[ 50%] Built target ur5e_kin
[ 53%] [32mBuilding CXX object CMakeFiles/ur16e_moveit_plugin.dir/src/ur_moveit_plugin.cpp.o[0m
[35m[1mScanning dependencies of target ur5_moveit_plugin[0m
In file included from [01m[K/home/laboratorio/ros_workspace/src/universal_robot/ur_kinematics/src/ur_moveit_plugin.cpp:75[m[K:
[01m[K/opt/ros/noetic/include/class_loader/class_loader.h:40:2:[m[K [01;35m[Kwarning: [m[K#warning Including header <class_loader/class_loader.h> is deprecated, include <class_loader/class_loader.hpp> instead. [[01;35m[K-Wcpp[m[K]
   40 | #[01;35m[Kwarning[m[K Including header <class_loader/class_loader.h> is deprecated, \
      |  [01;35m[K^~~~~~~[m[K
make[2]: Warning: File '/home/laboratorio/ros_workspace/src/universal_robot/ur_kinematics/src/ur_moveit_plugin.cpp' has modification time 2032 s in the future
make[2]: Warning: File '/home/laboratorio/ros_workspace/src/universal_robot/ur_kinematics/src/ur_moveit_plugin.cpp' has modification time 2032 s in the future
make[2]: Warning: File '/home/laboratorio/ros_workspace/src/universal_robot/ur_kinematics/src/ur_moveit_plugin.cpp' has modification time 2032 s in the future
make[2]: Warning: File '/home/laboratorio/ros_workspace/src/universal_robot/ur_kinematics/src/ur_moveit_plugin.cpp' has modification time 2032 s in the future
[ 57%] [32mBuilding CXX object CMakeFiles/ur3_moveit_plugin.dir/src/ur_moveit_plugin.cpp.o[0m
In file included from [01m[K/home/laboratorio/ros_workspace/src/universal_robot/ur_kinematics/src/ur_moveit_plugin.cpp:75[m[K:
[01m[K/opt/ros/noetic/include/class_loader/class_loader.h:40:2:[m[K [01;35m[Kwarning: [m[K#warning Including header <class_loader/class_loader.h> is deprecated, include <class_loader/class_loader.hpp> instead. [[01;35m[K-Wcpp[m[K]
   40 | #[01;35m[Kwarning[m[K Including header <class_loader/class_loader.h> is deprecated, \
      |  [01;35m[K^~~~~~~[m[K
[ 64%] [32mBuilding CXX object CMakeFiles/ur10e_moveit_plugin.dir/src/ur_moveit_plugin.cpp.o[0m
[ 64%] [32mBuilding CXX object CMakeFiles/ur3e_moveit_plugin.dir/src/ur_moveit_plugin.cpp.o[0m
In file included from [01m[K/home/laboratorio/ros_workspace/src/universal_robot/ur_kinematics/src/ur_moveit_plugin.cpp:75[m[K:
[01m[K/opt/ros/noetic/include/class_loader/class_loader.h:40:2:[m[K [01;35m[Kwarning: [m[K#warning Including header <class_loader/class_loader.h> is deprecated, include <class_loader/class_loader.hpp> instead. [[01;35m[K-Wcpp[m[K]
   40 | #[01;35m[Kwarning[m[K Including header <class_loader/class_loader.h> is deprecated, \
      |  [01;35m[K^~~~~~~[m[K
[ 67%] [32mBuilding CXX object CMakeFiles/ur10_moveit_plugin.dir/src/ur_moveit_plugin.cpp.o[0m
make[2]: Warning: File '/home/laboratorio/ros_workspace/src/universal_robot/ur_kinematics/src/ur_moveit_plugin.cpp' has modification time 2032 s in the future
In file included from [01m[K/home/laboratorio/ros_workspace/src/universal_robot/ur_kinematics/src/ur_moveit_plugin.cpp:75[m[K:
[01m[K/opt/ros/noetic/include/class_loader/class_loader.h:40:2:[m[K [01;35m[Kwarning: [m[K#warning Including header <class_loader/class_loader.h> is deprecated, include <class_loader/class_loader.hpp> instead. [[01;35m[K-Wcpp[m[K]
   40 | #[01;35m[Kwarning[m[K Including header <class_loader/class_loader.h> is deprecated, \
      |  [01;35m[K^~~~~~~[m[K
In file included from [01m[K/home/laboratorio/ros_workspace/src/universal_robot/ur_kinematics/src/ur_moveit_plugin.cpp:75[m[K:
[01m[K/opt/ros/noetic/include/class_loader/class_loader.h:40:2:[m[K [01;35m[Kwarning: [m[K#warning Including header <class_loader/class_loader.h> is deprecated, include <class_loader/class_loader.hpp> instead. [[01;35m[K-Wcpp[m[K]
   40 | #[01;35m[Kwarning[m[K Including header <class_loader/class_loader.h> is deprecated, \
      |  [01;35m[K^~~~~~~[m[K
[ 71%] [32mBuilding CXX object CMakeFiles/ur5_moveit_plugin.dir/src/ur_moveit_plugin.cpp.o[0m
[35m[1mScanning dependencies of target ur5e_moveit_plugin[0m
In file included from [01m[K/home/laboratorio/ros_workspace/src/universal_robot/ur_kinematics/src/ur_moveit_plugin.cpp:75[m[K:
[01m[K/opt/ros/noetic/include/class_loader/class_loader.h:40:2:[m[K [01;35m[Kwarning: [m[K#warning Including header <class_loader/class_loader.h> is deprecated, include <class_loader/class_loader.hpp> instead. [[01;35m[K-Wcpp[m[K]
   40 | #[01;35m[Kwarning[m[K Including header <class_loader/class_loader.h> is deprecated, \
      |  [01;35m[K^~~~~~~[m[K
make[2]: Warning: File '/home/laboratorio/ros_workspace/src/universal_robot/ur_kinematics/src/ur_moveit_plugin.cpp' has modification time 2032 s in the future
[ 75%] [32mBuilding CXX object CMakeFiles/ur5e_moveit_plugin.dir/src/ur_moveit_plugin.cpp.o[0m
In file included from [01m[K/home/laboratorio/ros_workspace/src/universal_robot/ur_kinematics/src/ur_moveit_plugin.cpp:75[m[K:
[01m[K/opt/ros/noetic/include/class_loader/class_loader.h:40:2:[m[K [01;35m[Kwarning: [m[K#warning Including header <class_loader/class_loader.h> is deprecated, include <class_loader/class_loader.hpp> instead. [[01;35m[K-Wcpp[m[K]
   40 | #[01;35m[Kwarning[m[K Including header <class_loader/class_loader.h> is deprecated, \
      |  [01;35m[K^~~~~~~[m[K
[01m[K/home/laboratorio/ros_workspace/src/universal_robot/ur_kinematics/src/ur_moveit_plugin.cpp:[m[K In member function ‘[01m[Kvirtual bool ur_kinematics::URKinematicsPlugin::initialize(const string&, const string&, const string&, const string&, double)[m[K’:
[01m[K/home/laboratorio/ros_workspace/src/universal_robot/ur_kinematics/src/ur_moveit_plugin.cpp:174:88:[m[K [01;35m[Kwarning: [m[K‘[01m[Kvirtual void kinematics::KinematicsBase::setValues(const string&, const string&, const string&, const string&, double)[m[K’ is deprecated [[01;35m[K-Wdeprecated-declarations[m[K]
  174 |   setValues(robot_description, group_name, base_frame, tip_frame, search_discretization[01;35m[K)[m[K;
      |                                                                                        [01;35m[K^[m[K
In file included from [01m[K/home/laboratorio/ros_workspace/src/universal_robot/ur_kinematics/include/ur_kinematics/ur_moveit_plugin.h:100[m[K,
                 from [01m[K/home/laboratorio/ros_workspace/src/universal_robot/ur_kinematics/src/ur_moveit_plugin.cpp:88[m[K:
[01m[K/opt/ros/noetic/include/moveit/kinematics_base/kinematics_base.h:344:31:[m[K [01;36m[Knote: [m[Kdeclared here
  344 |   [[deprecated]] virtual void [01;36m[KsetValues[m[K(const std::string& robot_description, const std::string& group_name,
      |                               [01;36m[K^~~~~~~~~[m[K
[01m[K/home/laboratorio/ros_workspace/src/universal_robot/ur_kinematics/src/ur_moveit_plugin.cpp:[m[K In member function ‘[01m[Kvirtual bool ur_kinematics::URKinematicsPlugin::initialize(const string&, const string&, const string&, const string&, double)[m[K’:
[01m[K/home/laboratorio/ros_workspace/src/universal_robot/ur_kinematics/src/ur_moveit_plugin.cpp:174:88:[m[K [01;35m[Kwarning: [m[K‘[01m[Kvirtual void kinematics::KinematicsBase::setValues(const string&, const string&, const string&, const string&, double)[m[K’ is deprecated [[01;35m[K-Wdeprecated-declarations[m[K]
  174 |   setValues(robot_description, group_name, base_frame, tip_frame, search_discretization[01;35m[K)[m[K;
      |                                                                                        [01;35m[K^[m[K
In file included from [01m[K/home/laboratorio/ros_workspace/src/universal_robot/ur_kinematics/include/ur_kinematics/ur_moveit_plugin.h:100[m[K,
                 from [01m[K/home/laboratorio/ros_workspace/src/universal_robot/ur_kinematics/src/ur_moveit_plugin.cpp:88[m[K:
[01m[K/opt/ros/noetic/include/moveit/kinematics_base/kinematics_base.h:344:31:[m[K [01;36m[Knote: [m[Kdeclared here
  344 |   [[deprecated]] virtual void [01;36m[KsetValues[m[K(const std::string& robot_description, const std::string& group_name,
      |                               [01;36m[K^~~~~~~~~[m[K
[01m[K/home/laboratorio/ros_workspace/src/universal_robot/ur_kinematics/src/ur_moveit_plugin.cpp:[m[K In member function ‘[01m[Kvirtual bool ur_kinematics::URKinematicsPlugin::initialize(const string&, const string&, const string&, const string&, double)[m[K’:
[01m[K/home/laboratorio/ros_workspace/src/universal_robot/ur_kinematics/src/ur_moveit_plugin.cpp:174:88:[m[K [01;35m[Kwarning: [m[K‘[01m[Kvirtual void kinematics::KinematicsBase::setValues(const string&, const string&, const string&, const string&, double)[m[K’ is deprecated [[01;35m[K-Wdeprecated-declarations[m[K]
  174 |   setValues(robot_description, group_name, base_frame, tip_frame, search_discretization[01;35m[K)[m[K;
      |                                                                                        [01;35m[K^[m[K
In file included from [01m[K/home/laboratorio/ros_workspace/src/universal_robot/ur_kinematics/include/ur_kinematics/ur_moveit_plugin.h:100[m[K,
                 from [01m[K/home/laboratorio/ros_workspace/src/universal_robot/ur_kinematics/src/ur_moveit_plugin.cpp:88[m[K:
[01m[K/opt/ros/noetic/include/moveit/kinematics_base/kinematics_base.h:344:31:[m[K [01;36m[Knote: [m[Kdeclared here
  344 |   [[deprecated]] virtual void [01;36m[KsetValues[m[K(const std::string& robot_description, const std::string& group_name,
      |                               [01;36m[K^~~~~~~~~[m[K
[01m[K/home/laboratorio/ros_workspace/src/universal_robot/ur_kinematics/src/ur_moveit_plugin.cpp:[m[K In member function ‘[01m[Kvirtual bool ur_kinematics::URKinematicsPlugin::initialize(const string&, const string&, const string&, const string&, double)[m[K’:
[01m[K/home/laboratorio/ros_workspace/src/universal_robot/ur_kinematics/src/ur_moveit_plugin.cpp:174:88:[m[K [01;35m[Kwarning: [m[K‘[01m[Kvirtual void kinematics::KinematicsBase::setValues(const string&, const string&, const string&, const string&, double)[m[K’ is deprecated [[01;35m[K-Wdeprecated-declarations[m[K]
  174 |   setValues(robot_description, group_name, base_frame, tip_frame, search_discretization[01;35m[K)[m[K;
      |                                                                                        [01;35m[K^[m[K
In file included from [01m[K/home/laboratorio/ros_workspace/src/universal_robot/ur_kinematics/include/ur_kinematics/ur_moveit_plugin.h:100[m[K,
                 from [01m[K/home/laboratorio/ros_workspace/src/universal_robot/ur_kinematics/src/ur_moveit_plugin.cpp:88[m[K:
[01m[K/opt/ros/noetic/include/moveit/kinematics_base/kinematics_base.h:344:31:[m[K [01;36m[Knote: [m[Kdeclared here
  344 |   [[deprecated]] virtual void [01;36m[KsetValues[m[K(const std::string& robot_description, const std::string& group_name,
      |                               [01;36m[K^~~~~~~~~[m[K
[01m[K/home/laboratorio/ros_workspace/src/universal_robot/ur_kinematics/src/ur_moveit_plugin.cpp:[m[K In member function ‘[01m[Kvirtual bool ur_kinematics::URKinematicsPlugin::initialize(const string&, const string&, const string&, const string&, double)[m[K’:
[01m[K/home/laboratorio/ros_workspace/src/universal_robot/ur_kinematics/src/ur_moveit_plugin.cpp:174:88:[m[K [01;35m[Kwarning: [m[K‘[01m[Kvirtual void kinematics::KinematicsBase::setValues(const string&, const string&, const string&, const string&, double)[m[K’ is deprecated [[01;35m[K-Wdeprecated-declarations[m[K]
  174 |   setValues(robot_description, group_name, base_frame, tip_frame, search_discretization[01;35m[K)[m[K;
      |                                                                                        [01;35m[K^[m[K
In file included from [01m[K/home/laboratorio/ros_workspace/src/universal_robot/ur_kinematics/include/ur_kinematics/ur_moveit_plugin.h:100[m[K,
                 from [01m[K/home/laboratorio/ros_workspace/src/universal_robot/ur_kinematics/src/ur_moveit_plugin.cpp:88[m[K:
[01m[K/opt/ros/noetic/include/moveit/kinematics_base/kinematics_base.h:344:31:[m[K [01;36m[Knote: [m[Kdeclared here
  344 |   [[deprecated]] virtual void [01;36m[KsetValues[m[K(const std::string& robot_description, const std::string& group_name,
      |                               [01;36m[K^~~~~~~~~[m[K
[01m[K/home/laboratorio/ros_workspace/src/universal_robot/ur_kinematics/src/ur_moveit_plugin.cpp:[m[K In member function ‘[01m[Kvirtual bool ur_kinematics::URKinematicsPlugin::initialize(const string&, const string&, const string&, const string&, double)[m[K’:
[01m[K/home/laboratorio/ros_workspace/src/universal_robot/ur_kinematics/src/ur_moveit_plugin.cpp:174:88:[m[K [01;35m[Kwarning: [m[K‘[01m[Kvirtual void kinematics::KinematicsBase::setValues(const string&, const string&, const string&, const string&, double)[m[K’ is deprecated [[01;35m[K-Wdeprecated-declarations[m[K]
  174 |   setValues(robot_description, group_name, base_frame, tip_frame, search_discretization[01;35m[K)[m[K;
      |                                                                                        [01;35m[K^[m[K
In file included from [01m[K/home/laboratorio/ros_workspace/src/universal_robot/ur_kinematics/include/ur_kinematics/ur_moveit_plugin.h:100[m[K,
                 from [01m[K/home/laboratorio/ros_workspace/src/universal_robot/ur_kinematics/src/ur_moveit_plugin.cpp:88[m[K:
[01m[K/opt/ros/noetic/include/moveit/kinematics_base/kinematics_base.h:344:31:[m[K [01;36m[Knote: [m[Kdeclared here
  344 |   [[deprecated]] virtual void [01;36m[KsetValues[m[K(const std::string& robot_description, const std::string& group_name,
      |                               [01;36m[K^~~~~~~~~[m[K
[01m[K/home/laboratorio/ros_workspace/src/universal_robot/ur_kinematics/src/ur_moveit_plugin.cpp:[m[K In member function ‘[01m[Kvirtual bool ur_kinematics::URKinematicsPlugin::initialize(const string&, const string&, const string&, const string&, double)[m[K’:
[01m[K/home/laboratorio/ros_workspace/src/universal_robot/ur_kinematics/src/ur_moveit_plugin.cpp:174:88:[m[K [01;35m[Kwarning: [m[K‘[01m[Kvirtual void kinematics::KinematicsBase::setValues(const string&, const string&, const string&, const string&, double)[m[K’ is deprecated [[01;35m[K-Wdeprecated-declarations[m[K]
  174 |   setValues(robot_description, group_name, base_frame, tip_frame, search_discretization[01;35m[K)[m[K;
      |                                                                                        [01;35m[K^[m[K
In file included from [01m[K/home/laboratorio/ros_workspace/src/universal_robot/ur_kinematics/include/ur_kinematics/ur_moveit_plugin.h:100[m[K,
                 from [01m[K/home/laboratorio/ros_workspace/src/universal_robot/ur_kinematics/src/ur_moveit_plugin.cpp:88[m[K:
[01m[K/opt/ros/noetic/include/moveit/kinematics_base/kinematics_base.h:344:31:[m[K [01;36m[Knote: [m[Kdeclared here
  344 |   [[deprecated]] virtual void [01;36m[KsetValues[m[K(const std::string& robot_description, const std::string& group_name,
      |                               [01;36m[K^~~~~~~~~[m[K
[ 78%] [32m[1mLinking CXX shared library /home/laboratorio/ros_workspace/devel/.private/ur_kinematics/lib/libur3e_moveit_plugin.so[0m
[ 82%] [32m[1mLinking CXX shared library /home/laboratorio/ros_workspace/devel/.private/ur_kinematics/lib/libur10_moveit_plugin.so[0m
make[2]: warning:  Clock skew detected.  Your build may be incomplete.
[ 82%] Built target ur10_moveit_plugin
make[2]: warning:  Clock skew detected.  Your build may be incomplete.
[ 82%] Built target ur3e_moveit_plugin
[ 85%] [32m[1mLinking CXX shared library /home/laboratorio/ros_workspace/devel/.private/ur_kinematics/lib/libur5_moveit_plugin.so[0m
[ 89%] [32m[1mLinking CXX shared library /home/laboratorio/ros_workspace/devel/.private/ur_kinematics/lib/libur10e_moveit_plugin.so[0m
make[2]: warning:  Clock skew detected.  Your build may be incomplete.
[ 89%] Built target ur5_moveit_plugin
[ 92%] [32m[1mLinking CXX shared library /home/laboratorio/ros_workspace/devel/.private/ur_kinematics/lib/libur3_moveit_plugin.so[0m
make[2]: warning:  Clock skew detected.  Your build may be incomplete.
[ 92%] Built target ur10e_moveit_plugin
make[2]: warning:  Clock skew detected.  Your build may be incomplete.
[ 92%] Built target ur3_moveit_plugin
[ 96%] [32m[1mLinking CXX shared library /home/laboratorio/ros_workspace/devel/.private/ur_kinematics/lib/libur16e_moveit_plugin.so[0m
make[2]: warning:  Clock skew detected.  Your build may be incomplete.
[ 96%] Built target ur16e_moveit_plugin
[100%] [32m[1mLinking CXX shared library /home/laboratorio/ros_workspace/devel/.private/ur_kinematics/lib/libur5e_moveit_plugin.so[0m
make[2]: warning:  Clock skew detected.  Your build may be incomplete.
[100%] Built target ur5e_moveit_plugin
