CMake Warning (dev) at CMakeLists.txt:2 (project):
  Policy CMP0048 is not set: project() command manages VERSION variables.
  Run "cmake --help-policy CMP0048" for policy details.  Use the cmake_policy
  command to set the policy and suppress this warning.

  The following variable(s) would be set to empty:

    CMAKE_PROJECT_VERSION
    CMAKE_PROJECT_VERSION_MAJOR
    CMAKE_PROJECT_VERSION_MINOR
    CMAKE_PROJECT_VERSION_PATCH
This warning is for project developers.  Use -Wno-dev to suppress it.

make[2]: Warning: File '/home/laboratorio/ros_workspace/src/Universal_Robots_ROS_Driver/ur_dashboard_msgs/msg/ProgramState.msg' has modification time 2034 s in the future
make[2]: Warning: File '/home/laboratorio/ros_workspace/src/Universal_Robots_ROS_Driver/ur_dashboard_msgs/msg/ProgramState.msg' has modification time 2034 s in the future
make[2]: Warning: File '/home/laboratorio/ros_workspace/src/Universal_Robots_ROS_Driver/ur_dashboard_msgs/msg/ProgramState.msg' has modification time 2034 s in the future
make[2]: Warning: File '/home/laboratorio/ros_workspace/src/Universal_Robots_ROS_Driver/ur_dashboard_msgs/msg/ProgramState.msg' has modification time 2032 s in the future
make[2]: warning:  Clock skew detected.  Your build may be incomplete.
make[2]: Warning: File '/home/laboratorio/ros_workspace/src/Universal_Robots_ROS_Driver/ur_dashboard_msgs/msg/ProgramState.msg' has modification time 2032 s in the future
make[2]: warning:  Clock skew detected.  Your build may be incomplete.
make[2]: warning:  Clock skew detected.  Your build may be incomplete.
make[2]: warning:  Clock skew detected.  Your build may be incomplete.
make[2]: warning:  Clock skew detected.  Your build may be incomplete.
