ur_robot_driver: You did not request a specific build type: selecting 'RelWithDebInfo'.
-- Using CATKIN_DEVEL_PREFIX: /home/laboratorio/ros_workspace/devel/.private/ur_robot_driver
-- Using CMAKE_PREFIX_PATH: /home/laboratorio/ros_workspace/devel;/opt/ros/noetic
-- This workspace overlays: /home/laboratorio/ros_workspace/devel;/opt/ros/noetic
-- Found PythonInterp: /usr/bin/python3 (found suitable version "3.8.10", minimum required is "3") 
-- Using PYTHON_EXECUTABLE: /usr/bin/python3
-- Using Debian Python package layout
-- Using empy: /usr/lib/python3/dist-packages/em.py
-- Using CATKIN_ENABLE_TESTING: ON
-- Call enable_testing()
-- Using CATKIN_TEST_RESULTS_DIR: /home/laboratorio/ros_workspace/build/ur_robot_driver/test_results
-- Forcing gtest/gmock from source, though one was otherwise available.
-- Found gtest sources under '/usr/src/googletest': gtests will be built
-- Found gmock sources under '/usr/src/googletest': gmock will be built
-- Found PythonInterp: /usr/bin/python3 (found version "3.8.10") 
-- Using Python nosetests: /usr/bin/nosetests3
-- catkin 0.8.12
-- BUILD_SHARED_LIBS is on
-- Using these message generators: gencpp;geneus;genlisp;gennodejs;genpy
-- Installing devel-space wrapper /home/laboratorio/ros_workspace/src/Universal_Robots_ROS_Driver/ur_robot_driver/scripts/tool_communication to /home/laboratorio/ros_workspace/devel/.private/ur_robot_driver/lib/ur_robot_driver
-- Installing devel-space wrapper /home/laboratorio/ros_workspace/src/Universal_Robots_ROS_Driver/ur_robot_driver/scripts/test_move to /home/laboratorio/ros_workspace/devel/.private/ur_robot_driver/lib/ur_robot_driver
-- Configuring done
-- Generating done
-- Build files have been written to: /home/laboratorio/ros_workspace/build/ur_robot_driver
[35m[1mScanning dependencies of target dynamic_reconfigure_generate_messages_eus[0m
[35m[1mScanning dependencies of target cartesian_control_msgs_generate_messages_cpp[0m
[35m[1mScanning dependencies of target ur_msgs_generate_messages_lisp[0m
[35m[1mScanning dependencies of target cartesian_control_msgs_generate_messages_eus[0m
[35m[1mScanning dependencies of target cartesian_control_msgs_generate_messages_nodejs[0m
[35m[1mScanning dependencies of target cartesian_control_msgs_generate_messages_lisp[0m
[35m[1mScanning dependencies of target ur_msgs_generate_messages_nodejs[0m
[35m[1mScanning dependencies of target ur_msgs_generate_messages_cpp[0m
[35m[1mScanning dependencies of target ur_msgs_generate_messages_eus[0m
[  0%] Built target cartesian_control_msgs_generate_messages_cpp
[  0%] Built target ur_msgs_generate_messages_lisp
[  0%] Built target ur_msgs_generate_messages_nodejs
[  0%] Built target cartesian_control_msgs_generate_messages_eus
[  0%] Built target dynamic_reconfigure_generate_messages_eus
[  0%] Built target cartesian_control_msgs_generate_messages_lisp
[  0%] Built target cartesian_control_msgs_generate_messages_nodejs
[  0%] Built target ur_msgs_generate_messages_cpp
[  0%] Built target ur_msgs_generate_messages_eus
[35m[1mScanning dependencies of target ur_dashboard_msgs_generate_messages_eus[0m
[35m[1mScanning dependencies of target ur_dashboard_msgs_generate_messages_py[0m
[35m[1mScanning dependencies of target tf2_msgs_generate_messages_lisp[0m
[35m[1mScanning dependencies of target tf_generate_messages_lisp[0m
[35m[1mScanning dependencies of target tf_generate_messages_nodejs[0m
[35m[1mScanning dependencies of target std_srvs_generate_messages_nodejs[0m
[35m[1mScanning dependencies of target std_srvs_generate_messages_lisp[0m
[35m[1mScanning dependencies of target tf2_msgs_generate_messages_nodejs[0m
[  0%] Built target ur_dashboard_msgs_generate_messages_eus
[  0%] Built target ur_dashboard_msgs_generate_messages_py
[  0%] Built target tf_generate_messages_nodejs
[  0%] Built target tf2_msgs_generate_messages_lisp
[  0%] Built target std_srvs_generate_messages_nodejs
[35m[1mScanning dependencies of target std_srvs_generate_messages_eus[0m
[  0%] Built target tf_generate_messages_lisp
[  0%] Built target std_srvs_generate_messages_lisp
[35m[1mScanning dependencies of target tf2_msgs_generate_messages_eus[0m
[35m[1mScanning dependencies of target sensor_msgs_generate_messages_nodejs[0m
[35m[1mScanning dependencies of target sensor_msgs_generate_messages_cpp[0m
[35m[1mScanning dependencies of target dynamic_reconfigure_gencfg[0m
[  0%] Built target std_srvs_generate_messages_eus
[  0%] Built target tf2_msgs_generate_messages_nodejs
[35m[1mScanning dependencies of target sensor_msgs_generate_messages_py[0m
[35m[1mScanning dependencies of target dynamic_reconfigure_generate_messages_nodejs[0m
[  0%] Built target sensor_msgs_generate_messages_nodejs
[35m[1mScanning dependencies of target tf2_msgs_generate_messages_py[0m
[  0%] Built target sensor_msgs_generate_messages_cpp
[  0%] Built target tf2_msgs_generate_messages_eus
[  0%] Built target dynamic_reconfigure_gencfg
[  0%] Built target sensor_msgs_generate_messages_py
[35m[1mScanning dependencies of target tf2_msgs_generate_messages_cpp[0m
[35m[1mScanning dependencies of target dynamic_reconfigure_generate_messages_lisp[0m
[  0%] Built target dynamic_reconfigure_generate_messages_nodejs
[  0%] Built target tf2_msgs_generate_messages_py
[35m[1mScanning dependencies of target std_msgs_generate_messages_py[0m
[35m[1mScanning dependencies of target roscpp_generate_messages_cpp[0m
[  0%] Built target tf2_msgs_generate_messages_cpp
[35m[1mScanning dependencies of target roscpp_generate_messages_eus[0m
[35m[1mScanning dependencies of target std_msgs_generate_messages_nodejs[0m
[35m[1mScanning dependencies of target control_toolbox_gencfg[0m
[35m[1mScanning dependencies of target geometry_msgs_generate_messages_eus[0m
[35m[1mScanning dependencies of target controller_manager_msgs_generate_messages_nodejs[0m
[  0%] Built target dynamic_reconfigure_generate_messages_lisp
[  0%] Built target std_msgs_generate_messages_py
[35m[1mScanning dependencies of target roscpp_generate_messages_nodejs[0m
[  0%] Built target roscpp_generate_messages_eus
[  0%] Built target roscpp_generate_messages_cpp
[  0%] Built target std_msgs_generate_messages_nodejs
[  0%] Built target control_toolbox_gencfg
[  0%] Built target controller_manager_msgs_generate_messages_nodejs
[  0%] Built target roscpp_generate_messages_nodejs
[35m[1mScanning dependencies of target ur_dashboard_msgs_generate_messages_nodejs[0m
[35m[1mScanning dependencies of target actionlib_msgs_generate_messages_py[0m
[35m[1mScanning dependencies of target std_msgs_generate_messages_cpp[0m
[  0%] Built target geometry_msgs_generate_messages_eus
[35m[1mScanning dependencies of target actionlib_generate_messages_cpp[0m
[35m[1mScanning dependencies of target rosgraph_msgs_generate_messages_lisp[0m
[35m[1mScanning dependencies of target tf_generate_messages_eus[0m
[  0%] Built target actionlib_msgs_generate_messages_py
[  0%] Built target std_msgs_generate_messages_cpp
[35m[1mScanning dependencies of target actionlib_generate_messages_py[0m
[35m[1mScanning dependencies of target rosgraph_msgs_generate_messages_nodejs[0m
[35m[1mScanning dependencies of target actionlib_generate_messages_lisp[0m
[  0%] Built target tf_generate_messages_eus
[  0%] Built target actionlib_generate_messages_py
[  0%] Built target rosgraph_msgs_generate_messages_lisp
[35m[1mScanning dependencies of target controller_manager_msgs_generate_messages_eus[0m
[  0%] Built target ur_dashboard_msgs_generate_messages_nodejs
[  0%] Built target actionlib_generate_messages_cpp
[  0%] Built target rosgraph_msgs_generate_messages_nodejs
[  0%] Built target actionlib_generate_messages_lisp
[35m[1mScanning dependencies of target _catkin_empty_exported_target[0m
[35m[1mScanning dependencies of target control_msgs_generate_messages_eus[0m
[  0%] Built target controller_manager_msgs_generate_messages_eus
[35m[1mScanning dependencies of target actionlib_generate_messages_nodejs[0m
[35m[1mScanning dependencies of target tf_generate_messages_cpp[0m
[35m[1mScanning dependencies of target trajectory_msgs_generate_messages_nodejs[0m
[35m[1mScanning dependencies of target control_toolbox_generate_messages_py[0m
[35m[1mScanning dependencies of target rosgraph_msgs_generate_messages_py[0m
[  0%] Built target _catkin_empty_exported_target
[35m[1mScanning dependencies of target trajectory_msgs_generate_messages_cpp[0m
[  0%] Built target control_msgs_generate_messages_eus
[35m[1mScanning dependencies of target tf_generate_messages_py[0m
[  0%] Built target rosgraph_msgs_generate_messages_py
[  0%] Built target control_toolbox_generate_messages_py
[  0%] Built target trajectory_msgs_generate_messages_nodejs
[  0%] Built target actionlib_generate_messages_nodejs
[  0%] Built target tf_generate_messages_cpp
[35m[1mScanning dependencies of target std_msgs_generate_messages_eus[0m
[  0%] Built target trajectory_msgs_generate_messages_cpp
[35m[1mScanning dependencies of target actionlib_msgs_generate_messages_nodejs[0m
[35m[1mScanning dependencies of target rosgraph_msgs_generate_messages_eus[0m
[35m[1mScanning dependencies of target std_srvs_generate_messages_py[0m
[35m[1mScanning dependencies of target actionlib_msgs_generate_messages_lisp[0m
[  0%] Built target std_msgs_generate_messages_eus
[35m[1mScanning dependencies of target ur_dashboard_msgs_generate_messages_cpp[0m
[35m[1mScanning dependencies of target sensor_msgs_generate_messages_lisp[0m
[35m[1mScanning dependencies of target urcl_log_handler[0m
[  0%] Built target tf_generate_messages_py
make[2]: Warning: File '/home/laboratorio/ros_workspace/src/Universal_Robots_ROS_Driver/ur_robot_driver/src/urcl_log_handler.cpp' has modification time 2028 s in the future
[  0%] Built target actionlib_msgs_generate_messages_nodejs
[  0%] Built target std_srvs_generate_messages_py
[  0%] Built target rosgraph_msgs_generate_messages_eus
[  0%] Built target actionlib_msgs_generate_messages_lisp
[  0%] Built target sensor_msgs_generate_messages_lisp
[  0%] Built target ur_dashboard_msgs_generate_messages_cpp
[35m[1mScanning dependencies of target sensor_msgs_generate_messages_eus[0m
[  5%] [32mBuilding CXX object CMakeFiles/urcl_log_handler.dir/src/urcl_log_handler.cpp.o[0m
[35m[1mScanning dependencies of target pass_through_controllers_gencfg[0m
[35m[1mScanning dependencies of target std_msgs_generate_messages_lisp[0m
[35m[1mScanning dependencies of target control_msgs_generate_messages_lisp[0m
[35m[1mScanning dependencies of target std_srvs_generate_messages_cpp[0m
[35m[1mScanning dependencies of target control_msgs_generate_messages_cpp[0m
[35m[1mScanning dependencies of target cartesian_control_msgs_generate_messages_py[0m
[35m[1mScanning dependencies of target roscpp_generate_messages_lisp[0m
[  5%] Built target sensor_msgs_generate_messages_eus
[  5%] Built target control_msgs_generate_messages_lisp
[  5%] Built target std_msgs_generate_messages_lisp
[  5%] Built target std_srvs_generate_messages_cpp
[  5%] Built target cartesian_control_msgs_generate_messages_py
[  5%] Built target control_msgs_generate_messages_cpp
[  5%] Built target roscpp_generate_messages_lisp
[  5%] Built target pass_through_controllers_gencfg
[35m[1mScanning dependencies of target controller_manager_msgs_generate_messages_lisp[0m
[35m[1mScanning dependencies of target control_toolbox_generate_messages_nodejs[0m
[35m[1mScanning dependencies of target dynamic_reconfigure_generate_messages_py[0m
[35m[1mScanning dependencies of target ur_dashboard_msgs_generate_messages_lisp[0m
[35m[1mScanning dependencies of target control_msgs_generate_messages_nodejs[0m
[35m[1mScanning dependencies of target control_msgs_generate_messages_py[0m
[35m[1mScanning dependencies of target actionlib_msgs_generate_messages_eus[0m
[  5%] Built target controller_manager_msgs_generate_messages_lisp
[  5%] Built target control_toolbox_generate_messages_nodejs
[35m[1mScanning dependencies of target geometry_msgs_generate_messages_cpp[0m
[  5%] Built target dynamic_reconfigure_generate_messages_py
[  5%] Built target ur_dashboard_msgs_generate_messages_lisp
[  5%] Built target control_msgs_generate_messages_nodejs
[  5%] Built target control_msgs_generate_messages_py
[  5%] Built target geometry_msgs_generate_messages_cpp
[35m[1mScanning dependencies of target ur_msgs_generate_messages_py[0m
[35m[1mScanning dependencies of target geometry_msgs_generate_messages_lisp[0m
[  5%] Built target actionlib_msgs_generate_messages_eus
[35m[1mScanning dependencies of target trajectory_msgs_generate_messages_lisp[0m
[35m[1mScanning dependencies of target geometry_msgs_generate_messages_py[0m
[  5%] Built target ur_msgs_generate_messages_py
[35m[1mScanning dependencies of target trajectory_msgs_generate_messages_py[0m
[35m[1mScanning dependencies of target actionlib_generate_messages_eus[0m
[35m[1mScanning dependencies of target rosgraph_msgs_generate_messages_cpp[0m
[  5%] Built target geometry_msgs_generate_messages_lisp
[  5%] Built target trajectory_msgs_generate_messages_lisp
[  5%] Built target geometry_msgs_generate_messages_py
[35m[1mScanning dependencies of target controller_manager_msgs_generate_messages_cpp[0m
[  5%] Built target actionlib_generate_messages_eus
[  5%] Built target trajectory_msgs_generate_messages_py
[  5%] Built target rosgraph_msgs_generate_messages_cpp
[35m[1mScanning dependencies of target controller_manager_msgs_generate_messages_py[0m
[35m[1mScanning dependencies of target trajectory_msgs_generate_messages_eus[0m
[35m[1mScanning dependencies of target roscpp_generate_messages_py[0m
[35m[1mScanning dependencies of target actionlib_msgs_generate_messages_cpp[0m
[  5%] Built target controller_manager_msgs_generate_messages_cpp
[35m[1mScanning dependencies of target control_toolbox_generate_messages_lisp[0m
[35m[1mScanning dependencies of target control_toolbox_generate_messages_cpp[0m
[35m[1mScanning dependencies of target control_toolbox_generate_messages_eus[0m
[  5%] Built target controller_manager_msgs_generate_messages_py
[  5%] Built target trajectory_msgs_generate_messages_eus
[  5%] Built target actionlib_msgs_generate_messages_cpp
[35m[1mScanning dependencies of target dynamic_reconfigure_generate_messages_cpp[0m
[  5%] Built target roscpp_generate_messages_py
[  5%] Built target control_toolbox_generate_messages_eus
[  5%] Built target control_toolbox_generate_messages_lisp
[  5%] Built target control_toolbox_generate_messages_cpp
[  5%] Built target dynamic_reconfigure_generate_messages_cpp
[35m[1mScanning dependencies of target geometry_msgs_generate_messages_nodejs[0m
[  5%] Built target geometry_msgs_generate_messages_nodejs
[35m[1mScanning dependencies of target robot_state_helper[0m
[35m[1mScanning dependencies of target controller_stopper_node[0m
[35m[1mScanning dependencies of target ur_robot_driver_plugin[0m
make[2]: Warning: File '/home/laboratorio/ros_workspace/src/Universal_Robots_ROS_Driver/ur_robot_driver/src/robot_state_helper.cpp' has modification time 2028 s in the future
make[2]: Warning: File '/home/laboratorio/ros_workspace/src/Universal_Robots_ROS_Driver/ur_robot_driver/src/controller_stopper.cpp' has modification time 2028 s in the future
[ 11%] [32mBuilding CXX object CMakeFiles/robot_state_helper.dir/src/robot_state_helper_node.cpp.o[0m
[ 16%] [32mBuilding CXX object CMakeFiles/robot_state_helper.dir/src/robot_state_helper.cpp.o[0m
[ 27%] [32mBuilding CXX object CMakeFiles/controller_stopper_node.dir/src/controller_stopper.cpp.o[0m
[ 27%] [32mBuilding CXX object CMakeFiles/controller_stopper_node.dir/src/controller_stopper_node.cpp.o[0m
make[2]: Warning: File '/home/laboratorio/ros_workspace/src/Universal_Robots_ROS_Driver/ur_robot_driver/src/dashboard_client_ros.cpp' has modification time 2028 s in the future
[ 33%] [32mBuilding CXX object CMakeFiles/ur_robot_driver_plugin.dir/src/dashboard_client_ros.cpp.o[0m
[ 38%] [32mBuilding CXX object CMakeFiles/ur_robot_driver_plugin.dir/src/hardware_interface.cpp.o[0m
[ 44%] [32m[1mLinking CXX shared library /home/laboratorio/ros_workspace/devel/.private/ur_robot_driver/lib/liburcl_log_handler.so[0m
make[2]: warning:  Clock skew detected.  Your build may be incomplete.
[ 44%] Built target urcl_log_handler
[35m[1mScanning dependencies of target ur_robot_driver_node[0m
[35m[1mScanning dependencies of target dashboard_client[0m
make[2]: Warning: File '/home/laboratorio/ros_workspace/src/Universal_Robots_ROS_Driver/ur_robot_driver/src/dashboard_client_ros.cpp' has modification time 2027 s in the future
[ 50%] [32mBuilding CXX object CMakeFiles/dashboard_client.dir/src/dashboard_client_ros.cpp.o[0m
[ 55%] [32mBuilding CXX object CMakeFiles/dashboard_client.dir/src/dashboard_client_node.cpp.o[0m
make[2]: Warning: File '/home/laboratorio/ros_workspace/src/Universal_Robots_ROS_Driver/ur_robot_driver/src/dashboard_client_ros.cpp' has modification time 2027 s in the future
[ 61%] [32mBuilding CXX object CMakeFiles/ur_robot_driver_node.dir/src/dashboard_client_ros.cpp.o[0m
[ 66%] [32mBuilding CXX object CMakeFiles/ur_robot_driver_node.dir/src/hardware_interface.cpp.o[0m
[ 72%] [32mBuilding CXX object CMakeFiles/ur_robot_driver_node.dir/src/hardware_interface_node.cpp.o[0m
[01m[K/home/laboratorio/ros_workspace/src/Universal_Robots_ROS_Driver/ur_robot_driver/src/hardware_interface.cpp:[m[K In member function ‘[01m[Kvirtual bool ur_driver::HardwareInterface::init(ros::NodeHandle&, ros::NodeHandle&)[m[K’:
[01m[K/home/laboratorio/ros_workspace/src/Universal_Robots_ROS_Driver/ur_robot_driver/src/hardware_interface.cpp:294:100:[m[K [01;35m[Kwarning: [m[K‘[01m[Kurcl::UrDriver::UrDriver(const string&, const string&, const string&, const string&, std::function<void(bool)>, bool, std::unique_ptr<urcl::ToolCommSetup>, uint32_t, uint32_t, int, double, bool, const string&, uint32_t, uint32_t)[m[K’ is deprecated: Initializing a UrDriver object with an argument list is deprecated. Please use UrDriver(const UrDriverConfiguration& config) instead. This function will be removed in May 2027. [[01;35m[K-Wdeprecated-declarations[m[K]
  294 |         servoj_lookahead_time, non_blocking_read_, reverse_ip, trajectory_port, script_command_port[01;35m[K)[m[K);
      |                                                                                                    [01;35m[K^[m[K
In file included from [01m[K/home/laboratorio/ros_workspace/src/Universal_Robots_ROS_Driver/ur_robot_driver/include/ur_robot_driver/hardware_interface.h:64[m[K,
                 from [01m[K/home/laboratorio/ros_workspace/src/Universal_Robots_ROS_Driver/ur_robot_driver/src/hardware_interface.cpp:30[m[K:
[01m[K/opt/ros/noetic/include/ur_client_library/ur/ur_driver.h:220:3:[m[K [01;36m[Knote: [m[Kdeclared here
  220 |   [01;36m[KUrDriver[m[K(const std::string& robot_ip, const std::string& script_file, const std::string& output_recipe_file,
      |   [01;36m[K^~~~~~~~[m[K
[ 77%] [32m[1mLinking CXX executable /home/laboratorio/ros_workspace/devel/.private/ur_robot_driver/lib/ur_robot_driver/controller_stopper_node[0m
make[2]: warning:  Clock skew detected.  Your build may be incomplete.
[ 77%] Built target controller_stopper_node
[01m[K/home/laboratorio/ros_workspace/src/Universal_Robots_ROS_Driver/ur_robot_driver/src/hardware_interface.cpp:[m[K In member function ‘[01m[Kvirtual bool ur_driver::HardwareInterface::init(ros::NodeHandle&, ros::NodeHandle&)[m[K’:
[01m[K/home/laboratorio/ros_workspace/src/Universal_Robots_ROS_Driver/ur_robot_driver/src/hardware_interface.cpp:294:100:[m[K [01;35m[Kwarning: [m[K‘[01m[Kurcl::UrDriver::UrDriver(const string&, const string&, const string&, const string&, std::function<void(bool)>, bool, std::unique_ptr<urcl::ToolCommSetup>, uint32_t, uint32_t, int, double, bool, const string&, uint32_t, uint32_t)[m[K’ is deprecated: Initializing a UrDriver object with an argument list is deprecated. Please use UrDriver(const UrDriverConfiguration& config) instead. This function will be removed in May 2027. [[01;35m[K-Wdeprecated-declarations[m[K]
  294 |         servoj_lookahead_time, non_blocking_read_, reverse_ip, trajectory_port, script_command_port[01;35m[K)[m[K);
      |                                                                                                    [01;35m[K^[m[K
In file included from [01m[K/home/laboratorio/ros_workspace/src/Universal_Robots_ROS_Driver/ur_robot_driver/include/ur_robot_driver/hardware_interface.h:64[m[K,
                 from [01m[K/home/laboratorio/ros_workspace/src/Universal_Robots_ROS_Driver/ur_robot_driver/src/hardware_interface.cpp:30[m[K:
[01m[K/opt/ros/noetic/include/ur_client_library/ur/ur_driver.h:220:3:[m[K [01;36m[Knote: [m[Kdeclared here
  220 |   [01;36m[KUrDriver[m[K(const std::string& robot_ip, const std::string& script_file, const std::string& output_recipe_file,
      |   [01;36m[K^~~~~~~~[m[K
[ 83%] [32m[1mLinking CXX executable /home/laboratorio/ros_workspace/devel/.private/ur_robot_driver/lib/ur_robot_driver/robot_state_helper[0m
make[2]: warning:  Clock skew detected.  Your build may be incomplete.
[ 83%] Built target robot_state_helper
[ 88%] [32m[1mLinking CXX executable /home/laboratorio/ros_workspace/devel/.private/ur_robot_driver/lib/ur_robot_driver/dashboard_client[0m
make[2]: warning:  Clock skew detected.  Your build may be incomplete.
[ 88%] Built target dashboard_client
[ 94%] [32m[1mLinking CXX shared library /home/laboratorio/ros_workspace/devel/.private/ur_robot_driver/lib/libur_robot_driver_plugin.so[0m
make[2]: warning:  Clock skew detected.  Your build may be incomplete.
[ 94%] Built target ur_robot_driver_plugin
[100%] [32m[1mLinking CXX executable /home/laboratorio/ros_workspace/devel/.private/ur_robot_driver/lib/ur_robot_driver/ur_robot_driver_node[0m
make[2]: warning:  Clock skew detected.  Your build may be incomplete.
[100%] Built target ur_robot_driver_node
